<?xml version="1.0" encoding="UTF-8"?>
<testsuite xmlns:xsi="http://www.w3.org/2001/XMLSchema-instance" xsi:noNamespaceSchemaLocation="https://maven.apache.org/surefire/maven-surefire-plugin/xsd/surefire-test-report.xsd" name="uoa.assignment.game.GameTests" time="2.104" tests="13" errors="0" skipped="0" failures="1">
  <properties>
    <property name="awt.toolkit" value="sun.awt.X11.XToolkit"/>
    <property name="java.specification.version" value="11"/>
    <property name="sun.cpu.isalist" value=""/>
    <property name="sun.jnu.encoding" value="UTF-8"/>
    <property name="java.class.path" value="/home/codio/workspace/assignment/target/test-classes:/home/codio/workspace/assignment/target/classes:/home/codio/.m2/repository/junit/junit/4.11/junit-4.11.jar:/home/codio/.m2/repository/org/hamcrest/hamcrest-core/1.3/hamcrest-core-1.3.jar:"/>
    <property name="java.vm.vendor" value="Ubuntu"/>
    <property name="sun.arch.data.model" value="64"/>
    <property name="java.vendor.url" value="https://ubuntu.com/"/>
    <property name="user.timezone" value=""/>
    <property name="java.vm.specification.version" value="11"/>
    <property name="os.name" value="Linux"/>
    <property name="sun.java.launcher" value="SUN_STANDARD"/>
    <property name="user.country" value="US"/>
    <property name="sun.boot.library.path" value="/usr/lib/jvm/java-11-openjdk-amd64/lib"/>
    <property name="sun.java.command" value="/home/codio/workspace/assignment/target/surefire/surefirebooter14992461929517781397.jar /home/codio/workspace/assignment/target/surefire 2023-12-07T08-21-43_315-jvmRun1 surefire7348453262079653735tmp surefire_0841961902189035551tmp"/>
    <property name="jdk.debug" value="release"/>
    <property name="surefire.test.class.path" value="/home/codio/workspace/assignment/target/test-classes:/home/codio/workspace/assignment/target/classes:/home/codio/.m2/repository/junit/junit/4.11/junit-4.11.jar:/home/codio/.m2/repository/org/hamcrest/hamcrest-core/1.3/hamcrest-core-1.3.jar:"/>
    <property name="sun.cpu.endian" value="little"/>
    <property name="user.home" value="/home/codio"/>
    <property name="user.language" value="en"/>
    <property name="java.specification.vendor" value="Oracle Corporation"/>
    <property name="java.version.date" value="2021-10-19"/>
    <property name="java.home" value="/usr/lib/jvm/java-11-openjdk-amd64"/>
    <property name="file.separator" value="/"/>
    <property name="basedir" value="/home/codio/workspace/assignment"/>
    <property name="java.vm.compressedOopsMode" value="32-bit"/>
    <property name="line.separator" value="&#10;"/>
    <property name="java.specification.name" value="Java Platform API Specification"/>
    <property name="java.vm.specification.vendor" value="Oracle Corporation"/>
    <property name="java.awt.graphicsenv" value="sun.awt.X11GraphicsEnvironment"/>
    <property name="surefire.real.class.path" value="/home/codio/workspace/assignment/target/surefire/surefirebooter14992461929517781397.jar"/>
    <property name="sun.management.compiler" value="HotSpot 64-Bit Tiered Compilers"/>
    <property name="java.runtime.version" value="11.0.13+8-Ubuntu-0ubuntu1.18.04"/>
    <property name="user.name" value="codio"/>
    <property name="path.separator" value=":"/>
    <property name="os.version" value="6.2.0-1012-aws"/>
    <property name="java.runtime.name" value="OpenJDK Runtime Environment"/>
    <property name="file.encoding" value="UTF-8"/>
    <property name="java.vm.name" value="OpenJDK 64-Bit Server VM"/>
    <property name="localRepository" value="/home/codio/.m2/repository"/>
    <property name="java.vendor.url.bug" value="https://bugs.launchpad.net/ubuntu/+source/openjdk-lts"/>
    <property name="java.io.tmpdir" value="/tmp"/>
    <property name="java.version" value="11.0.13"/>
    <property name="user.dir" value="/home/codio/workspace/assignment"/>
    <property name="os.arch" value="amd64"/>
    <property name="java.vm.specification.name" value="Java Virtual Machine Specification"/>
    <property name="java.awt.printerjob" value="sun.print.PSPrinterJob"/>
    <property name="sun.os.patch.level" value="unknown"/>
    <property name="java.library.path" value="/usr/java/packages/lib:/usr/lib/x86_64-linux-gnu/jni:/lib/x86_64-linux-gnu:/usr/lib/x86_64-linux-gnu:/usr/lib/jni:/lib:/usr/lib"/>
    <property name="java.vm.info" value="mixed mode, sharing"/>
    <property name="java.vendor" value="Ubuntu"/>
    <property name="java.vm.version" value="11.0.13+8-Ubuntu-0ubuntu1.18.04"/>
    <property name="sun.io.unicode.encoding" value="UnicodeLittle"/>
    <property name="java.class.version" value="55.0"/>
  </properties>
  <testcase name="checkMoveCharacterFull" classname="uoa.assignment.game.GameTests" time="0.003"/>
  <testcase name="checkCharactersArray" classname="uoa.assignment.game.GameTests" time="0.001"/>
  <testcase name="checkPlayerAndMonsterPositionInLayout" classname="uoa.assignment.game.GameTests" time="0.002"/>
  <testcase name="checkLayoutInitialization" classname="uoa.assignment.game.GameTests" time="0.002"/>
  <testcase name="checkHealthInformationPrinted" classname="uoa.assignment.game.GameTests" time="0.036"/>
  <testcase name="checkMoveCharacter" classname="uoa.assignment.game.GameTests" time="0.008"/>
  <testcase name="checkMoveToOccupiedField" classname="uoa.assignment.game.GameTests" time="0"/>
  <testcase name="checkRunGameMain" classname="uoa.assignment.game.GameTests" time="1"/>
  <testcase name="checkPlayerAndMonsterPosition" classname="uoa.assignment.game.GameTests" time="0"/>
  <testcase name="checkRunGameMainWithUserInput" classname="uoa.assignment.game.GameTests" time="1.001"/>
  <testcase name="checkMoveOfPlayers" classname="uoa.assignment.game.GameTests" time="0.009"/>
  <testcase name="checkKillingMonster" classname="uoa.assignment.game.GameTests" time="0.01">
    <failure message="&amp;#27;[47m&amp;#27;[30mSomething is not right. It seems that it is not possible to kill a monster...   Check Task 5.2&amp;#27;[0mjava.lang.AssertionError" type="java.lang.AssertionError"><![CDATA[java.lang.AssertionError: &amp#27;[47m&amp#27;[30mSomething is not right. It seems that it is not possible to kill a monster...   Check Task 5.2&amp#27;[0mjava.lang.AssertionError
	at uoa.assignment.game.GameTests.checkKillingMonster(GameTests.java:576)
]]></failure>
  </testcase>
  <testcase name="checkMoveIntoWall" classname="uoa.assignment.game.GameTests" time="0"/>
</testsuite>